<?xml version="1.0" encoding="UTF-8"?>
<testng-results ignored="0" total="1" passed="1" failed="0" skipped="0">
  <reporter-output>
  </reporter-output>
  <suite started-at="2022-07-25T03:06:17 IST" name="Default suite" finished-at="2022-07-25T03:06:28 IST" duration-ms="11207">
    <groups>
    </groups>
    <test started-at="2022-07-25T03:06:17 IST" name="Default test" finished-at="2022-07-25T03:06:28 IST" duration-ms="11207">
      <class name="scripts.NavigateToMusic">
        <test-method is-config="true" signature="openApp()[pri:0, instance:scripts.NavigateToMusic@7a419da4]" started-at="2022-07-25T03:06:17 IST" name="openApp" finished-at="2022-07-25T03:06:26 IST" duration-ms="9051" status="PASS">
          <reporter-output>
          </reporter-output>
        </test-method> <!-- openApp -->
        <test-method signature="testcase6()[pri:-1, instance:scripts.NavigateToMusic@7a419da4]" started-at="2022-07-25T03:06:26 IST" name="testcase6" finished-at="2022-07-25T03:06:27 IST" duration-ms="1459" status="PASS">
          <reporter-output>
          </reporter-output>
        </test-method> <!-- testcase6 -->
        <test-method is-config="true" signature="closeApp(org.testng.ITestResult)[pri:0, instance:scripts.NavigateToMusic@7a419da4]" started-at="2022-07-25T03:06:27 IST" name="closeApp" finished-at="2022-07-25T03:06:28 IST" duration-ms="653" status="PASS">
          <params>
            <param index="0">
              <value>
                <![CDATA[[TestResult name=testcase6 status=SUCCESS method=NavigateToMusic.testcase6()[pri:-1, instance:scripts.NavigateToMusic@7a419da4] output={null}]]]>
              </value>
            </param>
          </params>
          <reporter-output>
          </reporter-output>
        </test-method> <!-- closeApp -->
      </class> <!-- scripts.NavigateToMusic -->
    </test> <!-- Default test -->
  </suite> <!-- Default suite -->
</testng-results>
